<?xml version="1.0" encoding="UTF-8"?>
<!-- Generated by org.testng.reporters.JUnitReportReporter -->
<testsuite hostname="DESKTOP-PME6MC6" failures="0" tests="1" name="com.java.TestNGTest.AnnotationsTest" time="0.019" errors="0" timestamp="11 May 2022 05:08:30 GMT" skipped="0">
  <testcase classname="com.java.TestNGTest.AnnotationsTest" name="add4" time="0.019"/>
</testsuite> <!-- com.java.TestNGTest.AnnotationsTest -->
