<?xml version="1.0" encoding="UTF-8"?>
<!-- Generated by org.testng.reporters.JUnitReportReporter -->
<testsuite hostname="DESKTOP-PME6MC6" failures="0" tests="4" name="com.java.TestNGTest.SampleTest" time="0.132" errors="0" timestamp="12 May 2022 02:24:17 GMT" skipped="0">
  <testcase classname="com.java.TestNGTest.SampleTest" name="loginTest" time="0.007"/>
  <testcase classname="com.java.TestNGTest.SampleTest" name="bookingTest" time="0.099"/>
  <testcase classname="com.java.TestNGTest.SampleTest" name="regTest" time="0.009"/>
  <testcase classname="com.java.TestNGTest.SampleTest" name="cancelTest" time="0.017"/>
</testsuite> <!-- com.java.TestNGTest.SampleTest -->
