<?xml version="1.0" encoding="UTF-8"?>
<!-- Generated by org.testng.reporters.JUnitReportReporter -->
<testsuite hostname="DESKTOP-PME6MC6" failures="0" tests="1" name="com.java.SeleniumTest.SampleTest" time="41.781" errors="0" timestamp="11 May 2022 02:57:15 GMT" skipped="0">
  <testcase classname="com.java.SeleniumTest.SampleTest" name="grid" time="41.781"/>
</testsuite> <!-- com.java.SeleniumTest.SampleTest -->
