<?xml version="1.0" encoding="UTF-8"?>
<!-- Generated by org.testng.reporters.JUnitReportReporter -->
<testsuite hostname="DESKTOP-PME6MC6" failures="0" tests="1" name="com.java.TestNGTest.OrderOfExecutionTest" time="0.033" errors="0" timestamp="11 May 2022 04:38:09 GMT" skipped="0">
  <testcase classname="com.java.TestNGTest.OrderOfExecutionTest" name="add4" time="0.033"/>
</testsuite> <!-- com.java.TestNGTest.OrderOfExecutionTest -->
