<?xml version="1.0" encoding="UTF-8"?>
<!-- Generated by org.testng.reporters.JUnitReportReporter -->
<testsuite hostname="DESKTOP-PME6MC6" failures="0" tests="3" name="com.java.TestNGTest.PrioritySetTest" time="18.027" errors="0" timestamp="12 May 2022 03:26:39 GMT" skipped="0">
  <testcase classname="com.java.TestNGTest.PrioritySetTest" name="Yahoo" time="6.650"/>
  <testcase classname="com.java.TestNGTest.PrioritySetTest" name="google" time="5.426"/>
  <testcase classname="com.java.TestNGTest.PrioritySetTest" name="bing" time="5.951"/>
</testsuite> <!-- com.java.TestNGTest.PrioritySetTest -->
